1757338628.639800 client started (19020): version 3.5a, socket /private/tmp/tmux-501/default, protocol 8
1757338628.639871 on Darwin 24.6.0 Darwin Kernel Version 24.6.0: Mon Jul 14 11:30:40 PDT 2025; root:xnu-11417.140.69~1/RELEASE_ARM64_T6041
1757338628.639885 using libevent 2.1.12-stable select
1757338628.640255 using utf8proc 2.10.0
1757338628.640267 using ncurses 6.5 20240427
1757338628.640285 flags are 0x18010000
1757338628.640292 socket is /private/tmp/tmux-501/default
1757338628.640306 trying connect
1757338628.640326 connect failed: Connection refused
1757338628.640345 lock file is /private/tmp/tmux-501/default.lock
1757338628.640448 flock succeeded
1757338628.640454 got lock (6)
1757338628.640460 trying connect
1757338628.640468 connect failed: Connection refused
1757338628.640985 add peer 0x140008000: 7 (0x0)
1757338628.643225 sending message 111 to peer 0x140008000 (8 bytes)
1757338628.643239 sending message 111 to peer 0x140008000 (8 bytes)
1757338628.643248 sending message 101 to peer 0x140008000 (14 bytes)
1757338628.643255 sending message 109 to peer 0x140008000 (4 bytes)
1757338628.643262 sending message 102 to peer 0x140008000 (13 bytes)
1757338628.643268 sending message 108 to peer 0x140008000 (22 bytes)
1757338628.643274 sending message 112 to peer 0x140008000 (70 bytes)
1757338628.643280 sending message 112 to peer 0x140008000 (5 bytes)
1757338628.643286 sending message 112 to peer 0x140008000 (5 bytes)
1757338628.643293 sending message 112 to peer 0x140008000 (6 bytes)
1757338628.643299 sending message 112 to peer 0x140008000 (6 bytes)
1757338628.643304 sending message 112 to peer 0x140008000 (11 bytes)
1757338628.643309 sending message 112 to peer 0x140008000 (10 bytes)
1757338628.643315 sending message 112 to peer 0x140008000 (13 bytes)
1757338628.643320 sending message 112 to peer 0x140008000 (14 bytes)
1757338628.643325 sending message 112 to peer 0x140008000 (9 bytes)
1757338628.643330 sending message 112 to peer 0x140008000 (21 bytes)
1757338628.643335 sending message 112 to peer 0x140008000 (19 bytes)
1757338628.643338 sending message 112 to peer 0x140008000 (11 bytes)
1757338628.643344 sending message 112 to peer 0x140008000 (21 bytes)
1757338628.643351 sending message 112 to peer 0x140008000 (13 bytes)
1757338628.643356 sending message 112 to peer 0x140008000 (7 bytes)
1757338628.643361 sending message 112 to peer 0x140008000 (13 bytes)
1757338628.643367 sending message 112 to peer 0x140008000 (7 bytes)
1757338628.643373 sending message 112 to peer 0x140008000 (13 bytes)
1757338628.643378 sending message 112 to peer 0x140008000 (9 bytes)
1757338628.643383 sending message 112 to peer 0x140008000 (21 bytes)
1757338628.643389 sending message 112 to peer 0x140008000 (13 bytes)
1757338628.643394 sending message 112 to peer 0x140008000 (9 bytes)
1757338628.643399 sending message 112 to peer 0x140008000 (16 bytes)
1757338628.643404 sending message 112 to peer 0x140008000 (13 bytes)
1757338628.643410 sending message 112 to peer 0x140008000 (9 bytes)
1757338628.643415 sending message 112 to peer 0x140008000 (9 bytes)
1757338628.643421 sending message 112 to peer 0x140008000 (12 bytes)
1757338628.643425 sending message 112 to peer 0x140008000 (8 bytes)
1757338628.643431 sending message 112 to peer 0x140008000 (12 bytes)
1757338628.643436 sending message 112 to peer 0x140008000 (8 bytes)
1757338628.643442 sending message 112 to peer 0x140008000 (13 bytes)
1757338628.643447 sending message 112 to peer 0x140008000 (7 bytes)
1757338628.643452 sending message 112 to peer 0x140008000 (7 bytes)
1757338628.643458 sending message 112 to peer 0x140008000 (9 bytes)
1757338628.643463 sending message 112 to peer 0x140008000 (12 bytes)
1757338628.643466 sending message 112 to peer 0x140008000 (6 bytes)
1757338628.643472 sending message 112 to peer 0x140008000 (9 bytes)
1757338628.643476 sending message 112 to peer 0x140008000 (15 bytes)
1757338628.643482 sending message 112 to peer 0x140008000 (13 bytes)
1757338628.643487 sending message 112 to peer 0x140008000 (9 bytes)
1757338628.643493 sending message 112 to peer 0x140008000 (12 bytes)
1757338628.643509 sending message 112 to peer 0x140008000 (8 bytes)
1757338628.643513 sending message 112 to peer 0x140008000 (14 bytes)
1757338628.643517 sending message 112 to peer 0x140008000 (11 bytes)
1757338628.643521 sending message 112 to peer 0x140008000 (9 bytes)
1757338628.643525 sending message 112 to peer 0x140008000 (10 bytes)
1757338628.643528 sending message 112 to peer 0x140008000 (10 bytes)
1757338628.643532 sending message 112 to peer 0x140008000 (10 bytes)
1757338628.643536 sending message 112 to peer 0x140008000 (10 bytes)
1757338628.643540 sending message 112 to peer 0x140008000 (11 bytes)
1757338628.643543 sending message 112 to peer 0x140008000 (12 bytes)
1757338628.643547 sending message 112 to peer 0x140008000 (12 bytes)
1757338628.643551 sending message 112 to peer 0x140008000 (12 bytes)
1757338628.643554 sending message 112 to peer 0x140008000 (12 bytes)
1757338628.643558 sending message 112 to peer 0x140008000 (12 bytes)
1757338628.643562 sending message 112 to peer 0x140008000 (11 bytes)
1757338628.643567 sending message 112 to peer 0x140008000 (11 bytes)
1757338628.643571 sending message 112 to peer 0x140008000 (12 bytes)
1757338628.643577 sending message 112 to peer 0x140008000 (12 bytes)
1757338628.643582 sending message 112 to peer 0x140008000 (12 bytes)
1757338628.643588 sending message 112 to peer 0x140008000 (12 bytes)
1757338628.643591 sending message 112 to peer 0x140008000 (12 bytes)
1757338628.643595 sending message 112 to peer 0x140008000 (9 bytes)
1757338628.643599 sending message 112 to peer 0x140008000 (12 bytes)
1757338628.643601 sending message 112 to peer 0x140008000 (13 bytes)
1757338628.643604 sending message 112 to peer 0x140008000 (13 bytes)
1757338628.643608 sending message 112 to peer 0x140008000 (13 bytes)
1757338628.643611 sending message 112 to peer 0x140008000 (13 bytes)
1757338628.643614 sending message 112 to peer 0x140008000 (13 bytes)
1757338628.643618 sending message 112 to peer 0x140008000 (8 bytes)
1757338628.643622 sending message 112 to peer 0x140008000 (11 bytes)
1757338628.643626 sending message 112 to peer 0x140008000 (11 bytes)
1757338628.643630 sending message 112 to peer 0x140008000 (11 bytes)
1757338628.643634 sending message 112 to peer 0x140008000 (12 bytes)
1757338628.643638 sending message 112 to peer 0x140008000 (12 bytes)
1757338628.643641 sending message 112 to peer 0x140008000 (12 bytes)
1757338628.643646 sending message 112 to peer 0x140008000 (12 bytes)
1757338628.643650 sending message 112 to peer 0x140008000 (13 bytes)
1757338628.643653 sending message 112 to peer 0x140008000 (13 bytes)
1757338628.643657 sending message 112 to peer 0x140008000 (13 bytes)
1757338628.643661 sending message 112 to peer 0x140008000 (8 bytes)
1757338628.643666 sending message 112 to peer 0x140008000 (13 bytes)
1757338628.643672 sending message 112 to peer 0x140008000 (13 bytes)
1757338628.643677 sending message 112 to peer 0x140008000 (13 bytes)
1757338628.643683 sending message 112 to peer 0x140008000 (13 bytes)
1757338628.643687 sending message 112 to peer 0x140008000 (13 bytes)
1757338628.643690 sending message 112 to peer 0x140008000 (12 bytes)
1757338628.643694 sending message 112 to peer 0x140008000 (12 bytes)
1757338628.643699 sending message 112 to peer 0x140008000 (12 bytes)
1757338628.643702 sending message 112 to peer 0x140008000 (12 bytes)
1757338628.643705 sending message 112 to peer 0x140008000 (13 bytes)
1757338628.643709 sending message 112 to peer 0x140008000 (8 bytes)
1757338628.643714 sending message 112 to peer 0x140008000 (13 bytes)
1757338628.643719 sending message 112 to peer 0x140008000 (13 bytes)
1757338628.643724 sending message 112 to peer 0x140008000 (13 bytes)
1757338628.643728 sending message 112 to peer 0x140008000 (13 bytes)
1757338628.643733 sending message 112 to peer 0x140008000 (13 bytes)
1757338628.643736 sending message 112 to peer 0x140008000 (13 bytes)
1757338628.643739 sending message 112 to peer 0x140008000 (13 bytes)
1757338628.643744 sending message 112 to peer 0x140008000 (12 bytes)
1757338628.643747 sending message 112 to peer 0x140008000 (12 bytes)
1757338628.643757 sending message 112 to peer 0x140008000 (12 bytes)
1757338628.643761 sending message 112 to peer 0x140008000 (8 bytes)
1757338628.643764 sending message 112 to peer 0x140008000 (12 bytes)
1757338628.643768 sending message 112 to peer 0x140008000 (13 bytes)
1757338628.643772 sending message 112 to peer 0x140008000 (13 bytes)
1757338628.643776 sending message 112 to peer 0x140008000 (13 bytes)
1757338628.643780 sending message 112 to peer 0x140008000 (13 bytes)
1757338628.643783 sending message 112 to peer 0x140008000 (13 bytes)
1757338628.643788 sending message 112 to peer 0x140008000 (13 bytes)
1757338628.643793 sending message 112 to peer 0x140008000 (13 bytes)
1757338628.643798 sending message 112 to peer 0x140008000 (13 bytes)
1757338628.643801 sending message 112 to peer 0x140008000 (12 bytes)
1757338628.643806 sending message 112 to peer 0x140008000 (10 bytes)
1757338628.643810 sending message 112 to peer 0x140008000 (12 bytes)
1757338628.643813 sending message 112 to peer 0x140008000 (12 bytes)
1757338628.643817 sending message 112 to peer 0x140008000 (12 bytes)
1757338628.643821 sending message 112 to peer 0x140008000 (13 bytes)
1757338628.643824 sending message 112 to peer 0x140008000 (13 bytes)
1757338628.643828 sending message 112 to peer 0x140008000 (13 bytes)
1757338628.643832 sending message 112 to peer 0x140008000 (13 bytes)
1757338628.643836 sending message 112 to peer 0x140008000 (13 bytes)
1757338628.643840 sending message 112 to peer 0x140008000 (13 bytes)
1757338628.643844 sending message 112 to peer 0x140008000 (13 bytes)
1757338628.643847 sending message 112 to peer 0x140008000 (10 bytes)
1757338628.643851 sending message 112 to peer 0x140008000 (13 bytes)
1757338628.643855 sending message 112 to peer 0x140008000 (12 bytes)
1757338628.643859 sending message 112 to peer 0x140008000 (12 bytes)
1757338628.643862 sending message 112 to peer 0x140008000 (12 bytes)
1757338628.643865 sending message 112 to peer 0x140008000 (10 bytes)
1757338628.643868 sending message 112 to peer 0x140008000 (10 bytes)
1757338628.643872 sending message 112 to peer 0x140008000 (10 bytes)
1757338628.643875 sending message 112 to peer 0x140008000 (12 bytes)
1757338628.643878 sending message 112 to peer 0x140008000 (13 bytes)
1757338628.643882 sending message 112 to peer 0x140008000 (13 bytes)
1757338628.643886 sending message 112 to peer 0x140008000 (13 bytes)
1757338628.643890 sending message 112 to peer 0x140008000 (13 bytes)
1757338628.643893 sending message 112 to peer 0x140008000 (13 bytes)
1757338628.643898 sending message 112 to peer 0x140008000 (10 bytes)
1757338628.643902 sending message 112 to peer 0x140008000 (11 bytes)
1757338628.643908 sending message 112 to peer 0x140008000 (12 bytes)
1757338628.643912 sending message 112 to peer 0x140008000 (12 bytes)
1757338628.643916 sending message 112 to peer 0x140008000 (12 bytes)
1757338628.643920 sending message 112 to peer 0x140008000 (12 bytes)
1757338628.643923 sending message 112 to peer 0x140008000 (12 bytes)
1757338628.643927 sending message 112 to peer 0x140008000 (11 bytes)
1757338628.643930 sending message 112 to peer 0x140008000 (12 bytes)
1757338628.643935 sending message 112 to peer 0x140008000 (12 bytes)
1757338628.643939 sending message 112 to peer 0x140008000 (13 bytes)
1757338628.643944 sending message 112 to peer 0x140008000 (13 bytes)
1757338628.643948 sending message 112 to peer 0x140008000 (13 bytes)
1757338628.643953 sending message 112 to peer 0x140008000 (13 bytes)
1757338628.643955 sending message 112 to peer 0x140008000 (13 bytes)
1757338628.643959 sending message 112 to peer 0x140008000 (10 bytes)
1757338628.643964 sending message 112 to peer 0x140008000 (9 bytes)
1757338628.643967 sending message 112 to peer 0x140008000 (12 bytes)
1757338628.643970 sending message 112 to peer 0x140008000 (13 bytes)
1757338628.643974 sending message 112 to peer 0x140008000 (13 bytes)
1757338628.643978 sending message 112 to peer 0x140008000 (13 bytes)
1757338628.643982 sending message 112 to peer 0x140008000 (13 bytes)
1757338628.643991 sending message 112 to peer 0x140008000 (13 bytes)
1757338628.643994 sending message 112 to peer 0x140008000 (9 bytes)
1757338628.643997 sending message 112 to peer 0x140008000 (12 bytes)
1757338628.644000 sending message 112 to peer 0x140008000 (13 bytes)
1757338628.644004 sending message 112 to peer 0x140008000 (13 bytes)
1757338628.644009 sending message 112 to peer 0x140008000 (13 bytes)
1757338628.644012 sending message 112 to peer 0x140008000 (13 bytes)
1757338628.644016 sending message 112 to peer 0x140008000 (13 bytes)
1757338628.644019 sending message 112 to peer 0x140008000 (11 bytes)
1757338628.644021 sending message 112 to peer 0x140008000 (12 bytes)
1757338628.644025 sending message 112 to peer 0x140008000 (13 bytes)
1757338628.644029 sending message 112 to peer 0x140008000 (13 bytes)
1757338628.644035 sending message 112 to peer 0x140008000 (13 bytes)
1757338628.644040 sending message 112 to peer 0x140008000 (13 bytes)
1757338628.644043 sending message 112 to peer 0x140008000 (13 bytes)
1757338628.644046 sending message 112 to peer 0x140008000 (11 bytes)
1757338628.644050 sending message 112 to peer 0x140008000 (12 bytes)
1757338628.644054 sending message 112 to peer 0x140008000 (12 bytes)
1757338628.644058 sending message 112 to peer 0x140008000 (12 bytes)
1757338628.644062 sending message 112 to peer 0x140008000 (12 bytes)
1757338628.644068 sending message 112 to peer 0x140008000 (12 bytes)
1757338628.644074 sending message 112 to peer 0x140008000 (21 bytes)
1757338628.644079 sending message 112 to peer 0x140008000 (12 bytes)
1757338628.644082 sending message 112 to peer 0x140008000 (9 bytes)
1757338628.644086 sending message 112 to peer 0x140008000 (6 bytes)
1757338628.644089 sending message 112 to peer 0x140008000 (13 bytes)
1757338628.644093 sending message 112 to peer 0x140008000 (10 bytes)
1757338628.644097 sending message 112 to peer 0x140008000 (15 bytes)
1757338628.644101 sending message 112 to peer 0x140008000 (13 bytes)
1757338628.644105 sending message 112 to peer 0x140008000 (9 bytes)
1757338628.644109 sending message 112 to peer 0x140008000 (70 bytes)
1757338628.644113 sending message 112 to peer 0x140008000 (69 bytes)
1757338628.644119 sending message 112 to peer 0x140008000 (34 bytes)
1757338628.644124 sending message 112 to peer 0x140008000 (34 bytes)
1757338628.644130 sending message 112 to peer 0x140008000 (70 bytes)
1757338628.644135 sending message 112 to peer 0x140008000 (12 bytes)
1757338628.644139 sending message 112 to peer 0x140008000 (10 bytes)
1757338628.644142 sending message 112 to peer 0x140008000 (10 bytes)
1757338628.644146 sending message 112 to peer 0x140008000 (15 bytes)
1757338628.644150 sending message 112 to peer 0x140008000 (13 bytes)
1757338628.644155 sending message 112 to peer 0x140008000 (10 bytes)
1757338628.644160 sending message 112 to peer 0x140008000 (10 bytes)
1757338628.644164 sending message 112 to peer 0x140008000 (17 bytes)
1757338628.644168 sending message 112 to peer 0x140008000 (10 bytes)
1757338628.644173 sending message 112 to peer 0x140008000 (13 bytes)
1757338628.644177 sending message 112 to peer 0x140008000 (32 bytes)
1757338628.644180 sending message 112 to peer 0x140008000 (5 bytes)
1757338628.644184 sending message 112 to peer 0x140008000 (9 bytes)
1757338628.644188 sending message 112 to peer 0x140008000 (15 bytes)
1757338628.644191 sending message 112 to peer 0x140008000 (5 bytes)
1757338628.644196 sending message 104 to peer 0x140008000 (0 bytes)
1757338628.644201 sending message 110 to peer 0x140008000 (0 bytes)
1757338628.644205 sending message 107 to peer 0x140008000 (4 bytes)
1757338628.644209 sending message 105 to peer 0x140008000 (92 bytes)
1757338628.644214 sending message 105 to peer 0x140008000 (17 bytes)
1757338628.644218 sending message 105 to peer 0x140008000 (19 bytes)
1757338628.644223 sending message 105 to peer 0x140008000 (29 bytes)
1757338628.644225 sending message 105 to peer 0x140008000 (27 bytes)
1757338628.644229 sending message 105 to peer 0x140008000 (14 bytes)
1757338628.644241 sending message 105 to peer 0x140008000 (19 bytes)
1757338628.644246 sending message 105 to peer 0x140008000 (54 bytes)
1757338628.644250 sending message 105 to peer 0x140008000 (24 bytes)
1757338628.644255 sending message 105 to peer 0x140008000 (17 bytes)
1757338628.644259 sending message 105 to peer 0x140008000 (20 bytes)
1757338628.644262 sending message 105 to peer 0x140008000 (8 bytes)
1757338628.644264 sending message 105 to peer 0x140008000 (57 bytes)
1757338628.644268 sending message 105 to peer 0x140008000 (37 bytes)
1757338628.644271 sending message 105 to peer 0x140008000 (32 bytes)
1757338628.644273 sending message 105 to peer 0x140008000 (98 bytes)
1757338628.644276 sending message 105 to peer 0x140008000 (19 bytes)
1757338628.644280 sending message 105 to peer 0x140008000 (30 bytes)
1757338628.644282 sending message 105 to peer 0x140008000 (34 bytes)
1757338628.644286 sending message 105 to peer 0x140008000 (34 bytes)
1757338628.644290 sending message 105 to peer 0x140008000 (10 bytes)
1757338628.644294 sending message 105 to peer 0x140008000 (43 bytes)
1757338628.644299 sending message 105 to peer 0x140008000 (63 bytes)
1757338628.644303 sending message 105 to peer 0x140008000 (12 bytes)
1757338628.644307 sending message 105 to peer 0x140008000 (21 bytes)
1757338628.644311 sending message 105 to peer 0x140008000 (27 bytes)
1757338628.644314 sending message 105 to peer 0x140008000 (26 bytes)
1757338628.644318 sending message 105 to peer 0x140008000 (30 bytes)
1757338628.644322 sending message 105 to peer 0x140008000 (14 bytes)
1757338628.644334 sending message 105 to peer 0x140008000 (16 bytes)
1757338628.644339 sending message 105 to peer 0x140008000 (14 bytes)
1757338628.644343 sending message 105 to peer 0x140008000 (36 bytes)
1757338628.644348 sending message 105 to peer 0x140008000 (125 bytes)
1757338628.644354 sending message 105 to peer 0x140008000 (22 bytes)
1757338628.644359 sending message 105 to peer 0x140008000 (64 bytes)
1757338628.644363 sending message 105 to peer 0x140008000 (57 bytes)
1757338628.644367 sending message 105 to peer 0x140008000 (683 bytes)
1757338628.644371 sending message 105 to peer 0x140008000 (32 bytes)
1757338628.644375 sending message 105 to peer 0x140008000 (35 bytes)
1757338628.644379 sending message 105 to peer 0x140008000 (75 bytes)
1757338628.644383 sending message 105 to peer 0x140008000 (7 bytes)
1757338628.644389 sending message 105 to peer 0x140008000 (12 bytes)
1757338628.644394 sending message 106 to peer 0x140008000 (0 bytes)
1757338628.644449 sending message 200 to peer 0x140008000 (4 bytes)
1757338628.644455 client loop enter
1757338628.644473 client_signal: Child exited: 20
1757338628.772439 peer 0x140008000 message 207
1757338628.772449 sending message 208 to peer 0x140008000 (0 bytes)
1757338631.174391 peer 0x140008000 message 203
1757338631.174411 sending message 205 to peer 0x140008000 (0 bytes)
1757338631.174744 peer 0x140008000 message 204
1757338631.174780 client loop exit
